<?xml version="1.0" encoding="UTF-8"?>
<!-- Generated by org.testng.reporters.JUnitReportReporter -->
<testsuite hostname="DESKTOP-42PDO0M" name="tests.NewTest" tests="1" failures="0" timestamp="18 Oct 2018 22:07:56 GMT" time="31.225" errors="0">
  <testcase name="openMyBlog" time="31.225" classname="tests.NewTest"/>
</testsuite> <!-- tests.NewTest -->
